<?xml version="1.0" encoding="UTF-8"?>
<!-- Generated by org.testng.reporters.JUnitReportReporter -->
<testsuite hostname="LTIN233603" failures="0" tests="14" name="testCases.TC04_SenderDetailsTest" time="34.439" errors="0" timestamp="2024-02-16T14:27:30 IST" skipped="0">
  <testcase classname="testCases.TC04_SenderDetailsTest" name="clickOnCabsTest" time="1.786"/>
  <system-out/>
  <testcase classname="testCases.TC04_SenderDetailsTest" name="inputfromCityTest" time="1.389"/>
  <system-out/>
  <testcase classname="testCases.TC04_SenderDetailsTest" name="inputToCityTest" time="1.601"/>
  <system-out/>
  <testcase classname="testCases.TC04_SenderDetailsTest" name="inputDateTest" time="0.303"/>
  <system-out/>
  <testcase classname="testCases.TC04_SenderDetailsTest" name="inputTimeTest" time="1.259"/>
  <system-out/>
  <testcase classname="testCases.TC04_SenderDetailsTest" name="clickOnSearchTest" time="5.859"/>
  <system-out/>
  <testcase classname="testCases.TC04_SenderDetailsTest" name="selectSUVTest" time="1.547"/>
  <system-out/>
  <testcase classname="testCases.TC04_SenderDetailsTest" name="selectLowestPriceTest" time="1.919"/>
  <system-out/>
  <testcase classname="testCases.TC04_SenderDetailsTest" name="selectGiftTest" time="7.403"/>
  <system-out/>
  <testcase classname="testCases.TC04_SenderDetailsTest" name="selectWeddingCardTest" time="2.780"/>
  <system-out/>
  <testcase classname="testCases.TC04_SenderDetailsTest" name="inputSenderandrecipientsDetailsTest" time="2.070"/>
  <system-out/>
  <testcase classname="testCases.TC04_SenderDetailsTest" name="getAlertMsgTest" time="0.464"/>
  <system-out/>
  <testcase classname="testCases.TC04_SenderDetailsTest" name="goToHotelsTest" time="0.819"/>
  <system-out/>
  <testcase classname="testCases.TC04_SenderDetailsTest" name="getNumberOfPeopleTest" time="5.240"/>
  <system-out/>
</testsuite> <!-- testCases.TC04_SenderDetailsTest -->
